<?xml version="1.0" encoding="UTF-8"?>
<!-- Generated by org.testng.reporters.JUnitReportReporter -->
<testsuite hostname="Diligencesoft" name="Example1" tests="1" failures="0" timestamp="5 Jul 2019 02:17:05 GMT" time="0.015" errors="0">
  <testcase name="array" time="0.015" classname="Example1"/>
</testsuite> <!-- Example1 -->
