<?xml version="1.0" encoding="UTF-8"?>
<!-- Generated by org.testng.reporters.JUnitReportReporter -->
<testsuite hostname="Diligencesoft" name="selenium_study.Calendar" tests="1" failures="0" timestamp="5 Jul 2019 02:17:05 GMT" time="30.598" errors="0">
  <testcase name="call" time="30.598" classname="selenium_study.Calendar"/>
</testsuite> <!-- selenium_study.Calendar -->
