<?xml version="1.0" encoding="UTF-8"?>
<!-- Generated by org.testng.reporters.JUnitReportReporter -->
<testsuite hostname="Diligencesoft" name="Encapsulation" tests="1" failures="0" timestamp="4 Jul 2019 07:16:00 GMT" time="0.003" errors="0">
  <testcase name="test" time="0.003" classname="Encapsulation"/>
</testsuite> <!-- Encapsulation -->
