<?xml version="1.0" encoding="UTF-8"?>
<!-- Generated by org.testng.reporters.JUnitReportReporter -->
<testsuite hostname="Diligencesoft" name="selenium_study.Calendar" tests="1" failures="0" timestamp="27 Jun 2019 06:10:56 GMT" time="0.024" errors="0">
  <testcase name="call" time="0.024" classname="selenium_study.Calendar"/>
</testsuite> <!-- selenium_study.Calendar -->
