<?xml version="1.0" encoding="UTF-8"?>
<!-- Generated by org.testng.reporters.JUnitReportReporter -->
<testsuite hostname="Diligencesoft" name="selenium_study.Calendar" tests="1" failures="0" timestamp="4 Jul 2019 07:16:00 GMT" time="37.678" errors="0">
  <testcase name="call" time="37.678" classname="selenium_study.Calendar"/>
</testsuite> <!-- selenium_study.Calendar -->
