<?xml version="1.0" encoding="UTF-8"?>
<!-- Generated by org.testng.reporters.JUnitReportReporter -->
<testsuite hostname="Diligencesoft" name="Encapsulation" tests="1" failures="0" timestamp="5 Jul 2019 02:17:05 GMT" time="0.006" errors="0">
  <testcase name="test" time="0.006" classname="Encapsulation"/>
</testsuite> <!-- Encapsulation -->
