<?xml version="1.0" encoding="UTF-8"?>
<!-- Generated by org.testng.reporters.JUnitReportReporter -->
<testsuite hostname="Diligencesoft" name="selenium_study.Enterdataintextfield" tests="1" failures="0" timestamp="5 Jul 2019 02:53:57 GMT" time="12.436" errors="0">
  <testcase name="enterdataintextfield" time="12.436" classname="selenium_study.Enterdataintextfield"/>
</testsuite> <!-- selenium_study.Enterdataintextfield -->
