<?xml version="1.0" encoding="UTF-8"?>
<!-- Generated by org.testng.reporters.JUnitReportReporter -->
<testsuite hostname="Diligencesoft" name="selenium_study.Webtable" tests="1" failures="0" timestamp="4 Jul 2019 07:16:00 GMT" time="24.765" errors="0">
  <testcase name="webtable" time="24.765" classname="selenium_study.Webtable"/>
</testsuite> <!-- selenium_study.Webtable -->
