<?xml version="1.0" encoding="UTF-8"?>
<!-- Generated by org.testng.reporters.JUnitReportReporter -->
<testsuite hostname="Diligencesoft" name="selenium_study.Webtable" tests="1" failures="0" timestamp="2 Jul 2019 05:40:45 GMT" time="23.452" errors="0">
  <testcase name="webtable" time="23.452" classname="selenium_study.Webtable"/>
</testsuite> <!-- selenium_study.Webtable -->
