<?xml version="1.0" encoding="UTF-8"?>
<!-- Generated by org.testng.reporters.JUnitReportReporter -->
<testsuite hostname="Diligencesoft" name="selenium_study.Webtable" tests="1" failures="0" timestamp="5 Jul 2019 03:24:43 GMT" time="11.657" errors="0">
  <testcase name="webtable" time="11.657" classname="selenium_study.Webtable"/>
</testsuite> <!-- selenium_study.Webtable -->
